2024.12.01 16:33:37 INFO  Started: Metals version 1.4.1 in folders '/home/hendrikboeck/github.repos/aoc24' for client Visual Studio Code 1.95.3.[0m
2024.12.01 16:33:38 WARN  Flyway upgrade recommended: H2 2.3.232 is newer than this version of Flyway and support has not been tested. The latest supported version of H2 is 2.2.224.[0m
2024.12.01 16:33:38 INFO  no build target found for /home/hendrikboeck/github.repos/aoc24/day01/build.sbt. Using presentation compiler with project's scala-library version: 3.3.4[0m
2024.12.01 16:33:39 INFO  Attempting to connect to the build server...[0m
2024.12.01 16:33:39 INFO  Found a Bloop server running[0m
2024.12.01 16:33:39 INFO  tracing is disabled for protocol BSP, to enable tracing of incoming and outgoing JSON messages create an empty file at /home/hendrikboeck/github.repos/aoc24/.metals/bsp.trace.json or /home/hendrikboeck/.cache/metals/bsp.trace.json[0m
2024.12.01 16:33:39 INFO  time: Connected to build server in 0.31s[0m
2024.12.01 16:33:39 INFO  Connected to Build server: Bloop v2.0.5[0m
2024.12.01 16:33:39 INFO  time: Imported build in 0.19s[0m
2024.12.01 16:33:39 INFO  running doctor check[0m
2024.12.01 16:33:39 INFO  java targets: [0m
2024.12.01 16:33:39 INFO  no build target found for /home/hendrikboeck/github.repos/aoc24/day01/build.sbt. Using presentation compiler with project's scala-library version: 3.3.4[0m
Dec 01, 2024 4:33:40 PM org.eclipse.lsp4j.jsonrpc.RemoteEndpoint handleCancellation
WARNING: Unmatched cancel notification for request id 2
2024.12.01 16:33:40 INFO  no build target found for /home/hendrikboeck/github.repos/aoc24/day01/build.sbt. Using presentation compiler with project's scala-library version: 3.3.4[0m
Dec 01, 2024 4:33:40 PM org.eclipse.lsp4j.jsonrpc.RemoteEndpoint handleCancellation
WARNING: Unmatched cancel notification for request id 1
2024.12.01 16:33:40 INFO  no build target found for /home/hendrikboeck/github.repos/aoc24/day01/build.sbt. Using presentation compiler with project's scala-library version: 3.3.4[0m
2024.12.01 16:33:40 INFO  no build target found for /home/hendrikboeck/github.repos/aoc24/day01/build.sbt. Using presentation compiler with project's scala-library version: 3.3.4[0m
2024.12.01 16:33:40 INFO  no build target found for /home/hendrikboeck/github.repos/aoc24/day01/build.sbt. Using presentation compiler with project's scala-library version: 3.3.4[0m
Dec 01, 2024 4:33:40 PM org.eclipse.lsp4j.jsonrpc.RemoteEndpoint handleCancellation
WARNING: Unmatched cancel notification for request id 8
2024.12.01 16:33:40 INFO  no build target found for /home/hendrikboeck/github.repos/aoc24/day01/build.sbt. Using presentation compiler with project's scala-library version: 3.3.4[0m
2024.12.01 16:33:40 INFO  no build target found for /home/hendrikboeck/github.repos/aoc24/day01/build.sbt. Using presentation compiler with project's scala-library version: 3.3.4[0m
2024.12.01 16:33:41 WARN  Flyway upgrade recommended: H2 2.3.232 is newer than this version of Flyway and support has not been tested. The latest supported version of H2 is 2.2.224.[0m
2024.12.01 16:33:41 INFO  no build target found for /home/hendrikboeck/github.repos/aoc24/day01/build.sbt. Using presentation compiler with project's scala-library version: 3.3.4[0m
2024.12.01 16:33:41 INFO  no build target found for /home/hendrikboeck/github.repos/aoc24/day01/build.sbt. Using presentation compiler with project's scala-library version: 3.3.4[0m
2024.12.01 16:33:44 INFO  no build target found for /home/hendrikboeck/github.repos/aoc24/day01/build.sbt. Using presentation compiler with project's scala-library version: 3.3.4[0m
2024.12.01 16:33:44 INFO  no build target found for /home/hendrikboeck/github.repos/aoc24/day01/build.sbt. Using presentation compiler with project's scala-library version: 3.3.4[0m
2024.12.01 16:33:44 INFO  no build target found for /home/hendrikboeck/github.repos/aoc24/day01/build.sbt. Using presentation compiler with project's scala-library version: 3.3.4[0m
2024.12.01 16:33:45 INFO  no build target found for /home/hendrikboeck/github.repos/aoc24/day01/build.sbt. Using presentation compiler with project's scala-library version: 3.3.4[0m
2024.12.01 16:33:45 INFO  no build target found for /home/hendrikboeck/github.repos/aoc24/day01/build.sbt. Using presentation compiler with project's scala-library version: 3.3.4[0m
2024.12.01 16:33:47 INFO  no build target found for /home/hendrikboeck/github.repos/aoc24/day01/build.sbt. Using presentation compiler with project's scala-library version: 3.3.4[0m
2024.12.01 16:33:47 INFO  no build target found for /home/hendrikboeck/github.repos/aoc24/day01/build.sbt. Using presentation compiler with project's scala-library version: 3.3.4[0m
2024.12.01 16:33:49 INFO  no build target found for /home/hendrikboeck/github.repos/aoc24/day01/build.sbt. Using presentation compiler with project's scala-library version: 3.3.4[0m
2024.12.01 16:33:49 INFO  no build target found for /home/hendrikboeck/github.repos/aoc24/day01/build.sbt. Using presentation compiler with project's scala-library version: 3.3.4[0m
2024.12.01 16:33:49 INFO  no build target found for /home/hendrikboeck/github.repos/aoc24/day01/build.sbt. Using presentation compiler with project's scala-library version: 3.3.4[0m
2024.12.01 16:33:53 WARN  no build target for: /home/hendrikboeck/github.repos/aoc24/day01/build.sbt[0m
2024.12.01 16:33:53 INFO  no build target found for /home/hendrikboeck/github.repos/aoc24/day01/build.sbt. Using presentation compiler with project's scala-library version: 3.3.4[0m
2024.12.01 16:33:53 INFO  no build target found for /home/hendrikboeck/github.repos/aoc24/day01/build.sbt. Using presentation compiler with project's scala-library version: 3.3.4[0m
2024.12.01 16:33:55 INFO  time: indexed workspace in 15s[0m
2024.12.01 16:33:55 WARN  no build target for: /home/hendrikboeck/github.repos/aoc24/day01/build.sbt[0m
2024.12.01 16:33:55 INFO  no build target found for /home/hendrikboeck/github.repos/aoc24/day01/build.sbt. Using presentation compiler with project's scala-library version: 3.3.4[0m
2024.12.01 16:33:55 INFO  no build target found for /home/hendrikboeck/github.repos/aoc24/day01/build.sbt. Using presentation compiler with project's scala-library version: 3.3.4[0m
2024.12.01 16:33:56 INFO  no build target found for /home/hendrikboeck/github.repos/aoc24/day01/build.sbt. Using presentation compiler with project's scala-library version: 3.3.4[0m
2024.12.01 16:33:57 INFO  no build target found for /home/hendrikboeck/github.repos/aoc24/day01/build.sbt. Using presentation compiler with project's scala-library version: 3.3.4[0m
2024.12.01 16:33:57 INFO  no build target found for /home/hendrikboeck/github.repos/aoc24/day01/build.sbt. Using presentation compiler with project's scala-library version: 3.3.4[0m
2024.12.01 16:33:58 INFO  no build target found for /home/hendrikboeck/github.repos/aoc24/day01/build.sbt. Using presentation compiler with project's scala-library version: 3.3.4[0m
2024.12.01 16:33:58 INFO  no build target found for /home/hendrikboeck/github.repos/aoc24/day01/build.sbt. Using presentation compiler with project's scala-library version: 3.3.4[0m
2024.12.01 16:33:59 INFO  no build target found for /home/hendrikboeck/github.repos/aoc24/day01/build.sbt. Using presentation compiler with project's scala-library version: 3.3.4[0m
2024.12.01 16:33:59 INFO  no build target found for /home/hendrikboeck/github.repos/aoc24/day01/build.sbt. Using presentation compiler with project's scala-library version: 3.3.4[0m
2024.12.01 16:33:59 INFO  no build target found for /home/hendrikboeck/github.repos/aoc24/day01/build.sbt. Using presentation compiler with project's scala-library version: 3.3.4[0m
2024.12.01 16:34:00 INFO  no build target found for /home/hendrikboeck/github.repos/aoc24/day01/build.sbt. Using presentation compiler with project's scala-library version: 3.3.4[0m
2024.12.01 16:34:00 INFO  no build target found for /home/hendrikboeck/github.repos/aoc24/day01/build.sbt. Using presentation compiler with project's scala-library version: 3.3.4[0m
2024.12.01 16:34:01 INFO  no build target found for /home/hendrikboeck/github.repos/aoc24/day01/build.sbt. Using presentation compiler with project's scala-library version: 3.3.4[0m
2024.12.01 16:34:01 INFO  no build target found for /home/hendrikboeck/github.repos/aoc24/day01/build.sbt. Using presentation compiler with project's scala-library version: 3.3.4[0m
2024.12.01 16:34:01 INFO  no build target found for /home/hendrikboeck/github.repos/aoc24/day01/build.sbt. Using presentation compiler with project's scala-library version: 3.3.4[0m
2024.12.01 16:34:02 INFO  no build target found for /home/hendrikboeck/github.repos/aoc24/day01/build.sbt. Using presentation compiler with project's scala-library version: 3.3.4[0m
2024.12.01 16:34:02 INFO  no build target found for /home/hendrikboeck/github.repos/aoc24/day01/build.sbt. Using presentation compiler with project's scala-library version: 3.3.4[0m
2024.12.01 16:34:02 INFO  no build target found for /home/hendrikboeck/github.repos/aoc24/day01/build.sbt. Using presentation compiler with project's scala-library version: 3.3.4[0m
2024.12.01 16:34:03 INFO  no build target found for /home/hendrikboeck/github.repos/aoc24/day01/build.sbt. Using presentation compiler with project's scala-library version: 3.3.4[0m
2024.12.01 16:34:03 INFO  no build target found for /home/hendrikboeck/github.repos/aoc24/day01/build.sbt. Using presentation compiler with project's scala-library version: 3.3.4[0m
2024.12.01 16:34:03 INFO  no build target found for /home/hendrikboeck/github.repos/aoc24/day01/build.sbt. Using presentation compiler with project's scala-library version: 3.3.4[0m
2024.12.01 16:34:03 INFO  no build target found for /home/hendrikboeck/github.repos/aoc24/day01/build.sbt. Using presentation compiler with project's scala-library version: 3.3.4[0m
2024.12.01 16:34:09 INFO  no build target found for /home/hendrikboeck/github.repos/aoc24/day01/build.sbt. Using presentation compiler with project's scala-library version: 3.3.4[0m
2024.12.01 16:34:10 INFO  no build target found for /home/hendrikboeck/github.repos/aoc24/day01/build.sbt. Using presentation compiler with project's scala-library version: 3.3.4[0m
2024.12.01 16:34:11 INFO  no build target found for /home/hendrikboeck/github.repos/aoc24/day01/build.sbt. Using presentation compiler with project's scala-library version: 3.3.4[0m
2024.12.01 16:34:11 INFO  no build target found for /home/hendrikboeck/github.repos/aoc24/day01/build.sbt. Using presentation compiler with project's scala-library version: 3.3.4[0m
2024.12.01 16:34:11 INFO  no build target found for /home/hendrikboeck/github.repos/aoc24/day01/build.sbt. Using presentation compiler with project's scala-library version: 3.3.4[0m
2024.12.01 16:34:11 WARN  Could not find semantic tokens for: file:///home/hendrikboeck/github.repos/aoc24/day01/build.sbt[0m
2024.12.01 16:34:13 INFO  no build target found for /home/hendrikboeck/github.repos/aoc24/day01/build.sbt. Using presentation compiler with project's scala-library version: 3.3.4[0m
2024.12.01 16:34:15 INFO  no build target found for /home/hendrikboeck/github.repos/aoc24/day01/build.sbt. Using presentation compiler with project's scala-library version: 3.3.4[0m
2024.12.01 16:34:15 INFO  no build target found for /home/hendrikboeck/github.repos/aoc24/day01/build.sbt. Using presentation compiler with project's scala-library version: 3.3.4[0m
2024.12.01 16:34:15 INFO  no build target found for /home/hendrikboeck/github.repos/aoc24/day01/build.sbt. Using presentation compiler with project's scala-library version: 3.3.4[0m
2024.12.01 16:34:15 INFO  no build target found for /home/hendrikboeck/github.repos/aoc24/day01/build.sbt. Using presentation compiler with project's scala-library version: 3.3.4[0m
2024.12.01 16:34:15 WARN  Could not find semantic tokens for: file:///home/hendrikboeck/github.repos/aoc24/day01/build.sbt[0m
2024.12.01 16:34:42 INFO  no build target found for /home/hendrikboeck/github.repos/aoc24/day01/src/main/scala/github/hendrikboeck/aoc24/day01/Main.scala. Using presentation compiler with project's scala-library version: 3.3.4[0m
2024.12.01 16:34:42 INFO  no build target found for /home/hendrikboeck/github.repos/aoc24/day01/src/main/scala/github/hendrikboeck/aoc24/day01/Main.scala. Using presentation compiler with project's scala-library version: 3.3.4[0m
2024.12.01 16:34:43 INFO  no build target found for /home/hendrikboeck/github.repos/aoc24/day01/src/main/scala/github/hendrikboeck/aoc24/day01/Main.scala. Using presentation compiler with project's scala-library version: 3.3.4[0m
2024.12.01 16:34:44 INFO  no build target found for /home/hendrikboeck/github.repos/aoc24/day01/src/main/scala/github/hendrikboeck/aoc24/day01/Main.scala. Using presentation compiler with project's scala-library version: 3.3.4[0m
2024.12.01 16:34:44 INFO  time: code lens generation in 1.32s[0m
2024.12.01 16:34:44 INFO  no build target found for /home/hendrikboeck/github.repos/aoc24/day01/src/main/scala/github/hendrikboeck/aoc24/day01/Main.scala. Using presentation compiler with project's scala-library version: 3.3.4[0m
2024.12.01 16:34:44 INFO  no build target found for /home/hendrikboeck/github.repos/aoc24/day01/src/main/scala/github/hendrikboeck/aoc24/day01/Main.scala. Using presentation compiler with project's scala-library version: 3.3.4[0m
2024.12.01 16:34:44 INFO  no build target found for /home/hendrikboeck/github.repos/aoc24/day01/src/main/scala/github/hendrikboeck/aoc24/day01/Main.scala. Using presentation compiler with project's scala-library version: 3.3.4[0m
2024.12.01 16:34:44 INFO  no build target found for /home/hendrikboeck/github.repos/aoc24/day01/src/main/scala/github/hendrikboeck/aoc24/day01/Main.scala. Using presentation compiler with project's scala-library version: 3.3.4[0m
2024.12.01 16:34:45 INFO  no build target found for /home/hendrikboeck/github.repos/aoc24/day01/src/main/scala/github/hendrikboeck/aoc24/day01/Main.scala. Using presentation compiler with project's scala-library version: 3.3.4[0m
2024.12.01 16:34:47 INFO  no build target found for /home/hendrikboeck/github.repos/aoc24/day01/src/main/scala/github/hendrikboeck/aoc24/day01/Main.scala. Using presentation compiler with project's scala-library version: 3.3.4[0m
2024.12.01 16:34:48 INFO  no build target found for /home/hendrikboeck/github.repos/aoc24/day01/src/main/scala/github/hendrikboeck/aoc24/day01/Main.scala. Using presentation compiler with project's scala-library version: 3.3.4[0m
2024.12.01 16:34:48 INFO  no build target found for /home/hendrikboeck/github.repos/aoc24/day01/src/main/scala/github/hendrikboeck/aoc24/day01/Main.scala. Using presentation compiler with project's scala-library version: 3.3.4[0m
2024.12.01 16:34:48 INFO  no build target found for /home/hendrikboeck/github.repos/aoc24/day01/src/main/scala/github/hendrikboeck/aoc24/day01/Main.scala. Using presentation compiler with project's scala-library version: 3.3.4[0m
2024.12.01 16:34:48 INFO  no build target found for /home/hendrikboeck/github.repos/aoc24/day01/src/main/scala/github/hendrikboeck/aoc24/day01/Main.scala. Using presentation compiler with project's scala-library version: 3.3.4[0m
2024.12.01 16:34:48 INFO  no build target found for /home/hendrikboeck/github.repos/aoc24/day01/src/main/scala/github/hendrikboeck/aoc24/day01/Main.scala. Using presentation compiler with project's scala-library version: 3.3.4[0m
2024.12.01 16:34:49 INFO  no build target found for /home/hendrikboeck/github.repos/aoc24/day01/src/main/scala/github/hendrikboeck/aoc24/day01/Main.scala. Using presentation compiler with project's scala-library version: 3.3.4[0m
2024.12.01 16:34:49 INFO  no build target found for /home/hendrikboeck/github.repos/aoc24/day01/src/main/scala/github/hendrikboeck/aoc24/day01/Main.scala. Using presentation compiler with project's scala-library version: 3.3.4[0m
2024.12.01 16:34:50 INFO  no build target found for /home/hendrikboeck/github.repos/aoc24/day01/src/main/scala/github/hendrikboeck/aoc24/day01/Main.scala. Using presentation compiler with project's scala-library version: 3.3.4[0m
2024.12.01 16:34:49 INFO  no build target found for /home/hendrikboeck/github.repos/aoc24/day01/src/main/scala/github/hendrikboeck/aoc24/day01/Main.scala. Using presentation compiler with project's scala-library version: 3.3.4[0m
2024.12.01 16:34:51 INFO  no build target found for /home/hendrikboeck/github.repos/aoc24/day01/src/main/scala/github/hendrikboeck/aoc24/day01/Main.scala. Using presentation compiler with project's scala-library version: 3.3.4[0m
2024.12.01 16:34:51 INFO  no build target found for /home/hendrikboeck/github.repos/aoc24/day01/src/main/scala/github/hendrikboeck/aoc24/day01/Main.scala. Using presentation compiler with project's scala-library version: 3.3.4[0m
2024.12.01 16:34:52 INFO  no build target found for /home/hendrikboeck/github.repos/aoc24/day01/src/main/scala/github/hendrikboeck/aoc24/day01/Main.scala. Using presentation compiler with project's scala-library version: 3.3.4[0m
2024.12.01 16:34:52 INFO  no build target found for /home/hendrikboeck/github.repos/aoc24/day01/src/main/scala/github/hendrikboeck/aoc24/day01/Main.scala. Using presentation compiler with project's scala-library version: 3.3.4[0m
2024.12.01 16:34:51 INFO  no build target found for /home/hendrikboeck/github.repos/aoc24/day01/src/main/scala/github/hendrikboeck/aoc24/day01/Main.scala. Using presentation compiler with project's scala-library version: 3.3.4[0m
2024.12.01 16:34:53 INFO  no build target found for /home/hendrikboeck/github.repos/aoc24/day01/src/main/scala/github/hendrikboeck/aoc24/day01/Main.scala. Using presentation compiler with project's scala-library version: 3.3.4[0m
2024.12.01 16:34:53 INFO  no build target found for /home/hendrikboeck/github.repos/aoc24/day01/src/main/scala/github/hendrikboeck/aoc24/day01/Main.scala. Using presentation compiler with project's scala-library version: 3.3.4[0m
2024.12.01 16:34:53 INFO  no build target found for /home/hendrikboeck/github.repos/aoc24/day01/src/main/scala/github/hendrikboeck/aoc24/day01/Main.scala. Using presentation compiler with project's scala-library version: 3.3.4[0m
2024.12.01 16:34:54 INFO  no build target found for /home/hendrikboeck/github.repos/aoc24/day01/src/main/scala/github/hendrikboeck/aoc24/day01/Main.scala. Using presentation compiler with project's scala-library version: 3.3.4[0m
2024.12.01 16:35:01 INFO  no build target found for /home/hendrikboeck/github.repos/aoc24/day01/src/main/scala/github/hendrikboeck/aoc24/day01/Main.scala. Using presentation compiler with project's scala-library version: 3.3.4[0m
2024.12.01 16:35:01 WARN  no build target for: /home/hendrikboeck/github.repos/aoc24/day01/src/main/scala/github/hendrikboeck/aoc24/day01/Main.scala[0m
2024.12.01 16:35:01 INFO  no build target found for /home/hendrikboeck/github.repos/aoc24/day01/src/main/scala/github/hendrikboeck/aoc24/day01/Main.scala. Using presentation compiler with project's scala-library version: 3.3.4[0m
2024.12.01 16:35:01 INFO  no build target found for /home/hendrikboeck/github.repos/aoc24/day01/src/main/scala/github/hendrikboeck/aoc24/day01/Main.scala. Using presentation compiler with project's scala-library version: 3.3.4[0m
2024.12.01 16:35:01 INFO  no build target found for /home/hendrikboeck/github.repos/aoc24/day01/src/main/scala/github/hendrikboeck/aoc24/day01/Main.scala. Using presentation compiler with project's scala-library version: 3.3.4[0m
2024.12.01 16:35:02 INFO  no build target found for /home/hendrikboeck/github.repos/aoc24/day01/src/main/scala/github/hendrikboeck/aoc24/day01/Main.scala. Using presentation compiler with project's scala-library version: 3.3.4[0m
2024.12.01 16:35:02 INFO  no build target found for /home/hendrikboeck/github.repos/aoc24/day01/build.sbt. Using presentation compiler with project's scala-library version: 3.3.4[0m
2024.12.01 16:35:03 INFO  no build target found for /home/hendrikboeck/github.repos/aoc24/day01/build.sbt. Using presentation compiler with project's scala-library version: 3.3.4[0m
2024.12.01 16:35:03 INFO  no build target found for /home/hendrikboeck/github.repos/aoc24/day01/build.sbt. Using presentation compiler with project's scala-library version: 3.3.4[0m
2024.12.01 16:35:03 INFO  no build target found for /home/hendrikboeck/github.repos/aoc24/day01/build.sbt. Using presentation compiler with project's scala-library version: 3.3.4[0m
2024.12.01 16:35:03 WARN  Could not find semantic tokens for: file:///home/hendrikboeck/github.repos/aoc24/day01/build.sbt[0m
2024.12.01 16:35:03 INFO  no build target found for /home/hendrikboeck/github.repos/aoc24/day01/build.sbt. Using presentation compiler with project's scala-library version: 3.3.4[0m
2024.12.01 16:35:03 INFO  no build target found for /home/hendrikboeck/github.repos/aoc24/day01/build.sbt. Using presentation compiler with project's scala-library version: 3.3.4[0m
2024.12.01 16:35:03 INFO  no build target found for /home/hendrikboeck/github.repos/aoc24/day01/build.sbt. Using presentation compiler with project's scala-library version: 3.3.4[0m
2024.12.01 16:35:03 INFO  no build target found for /home/hendrikboeck/github.repos/aoc24/day01/build.sbt. Using presentation compiler with project's scala-library version: 3.3.4[0m
2024.12.01 16:35:03 INFO  no build target found for /home/hendrikboeck/github.repos/aoc24/day01/build.sbt. Using presentation compiler with project's scala-library version: 3.3.4[0m
2024.12.01 16:35:03 WARN  no build target for: /home/hendrikboeck/github.repos/aoc24/day01/build.sbt[0m
2024.12.01 16:35:04 INFO  no build target found for /home/hendrikboeck/github.repos/aoc24/day01/build.sbt. Using presentation compiler with project's scala-library version: 3.3.4[0m
2024.12.01 16:35:03 INFO  Detected new build tool in /home/hendrikboeck/github.repos/aoc24[0m
2024.12.01 16:35:03 INFO  Disconnecting from Bloop session...[0m
2024.12.01 16:35:04 INFO  no build target found for /home/hendrikboeck/github.repos/aoc24/day01/build.sbt. Using presentation compiler with project's scala-library version: 3.3.4[0m
2024.12.01 16:35:03 INFO  Shut down connection with build server.[0m
2024.12.01 16:35:04 INFO  Attempting to connect to the build server...[0m
2024.12.01 16:35:04 INFO  Found a Bloop server running[0m
2024.12.01 16:35:04 INFO  tracing is disabled for protocol BSP, to enable tracing of incoming and outgoing JSON messages create an empty file at /home/hendrikboeck/github.repos/aoc24/.metals/bsp.trace.json or /home/hendrikboeck/.cache/metals/bsp.trace.json[0m
2024.12.01 16:35:04 WARN  Could not find semantic tokens for: file:///home/hendrikboeck/github.repos/aoc24/day01/build.sbt[0m
2024.12.01 16:35:03 INFO  time: Connected to build server in 0.15s[0m
2024.12.01 16:35:03 INFO  Connected to Build server: Bloop v2.0.5[0m
2024.12.01 16:35:03 INFO  no build target found for /home/hendrikboeck/github.repos/aoc24/day01/build.sbt. Using presentation compiler with project's scala-library version: 3.3.4[0m
2024.12.01 16:35:04 INFO  no build target found for /home/hendrikboeck/github.repos/aoc24/day01/build.sbt. Using presentation compiler with project's scala-library version: 3.3.4[0m
2024.12.01 16:35:03 INFO  running doctor check[0m
2024.12.01 16:35:03 INFO  java targets: [0m
2024.12.01 16:35:07 INFO  time: indexed workspace in 2.96s[0m
2024.12.01 16:35:07 WARN  no build target for: /home/hendrikboeck/github.repos/aoc24/day01/build.sbt[0m
2024.12.01 16:35:07 WARN  no build target for: /home/hendrikboeck/github.repos/aoc24/day01/src/main/scala/github/hendrikboeck/aoc24/day01/Main.scala[0m
2024.12.01 16:35:07 INFO  no build target found for /home/hendrikboeck/github.repos/aoc24/day01/build.sbt. Using presentation compiler with project's scala-library version: 3.3.4[0m
2024.12.01 16:35:07 WARN  Could not find semantic tokens for: file:///home/hendrikboeck/github.repos/aoc24/day01/build.sbt[0m
2024.12.01 16:35:07 INFO  no build target found for /home/hendrikboeck/github.repos/aoc24/day01/build.sbt. Using presentation compiler with project's scala-library version: 3.3.4[0m
2024.12.01 16:35:22 INFO  no build target found for /home/hendrikboeck/github.repos/aoc24/day01/build.sbt. Using presentation compiler with project's scala-library version: 3.3.4[0m
2024.12.01 16:35:22 INFO  no build target found for /home/hendrikboeck/github.repos/aoc24/day01/build.sbt. Using presentation compiler with project's scala-library version: 3.3.4[0m
2024.12.01 16:35:22 INFO  no build target found for /home/hendrikboeck/github.repos/aoc24/day01/build.sbt. Using presentation compiler with project's scala-library version: 3.3.4[0m
2024.12.01 16:35:22 INFO  no build target found for /home/hendrikboeck/github.repos/aoc24/day01/build.sbt. Using presentation compiler with project's scala-library version: 3.3.4[0m
2024.12.01 16:35:22 INFO  no build target found for /home/hendrikboeck/github.repos/aoc24/day01/build.sbt. Using presentation compiler with project's scala-library version: 3.3.4[0m
2024.12.01 16:36:09 INFO  no build target found for /home/hendrikboeck/github.repos/aoc24/day01/build.sbt. Using presentation compiler with project's scala-library version: 3.3.4[0m
Dec 01, 2024 4:36:10 PM org.eclipse.lsp4j.jsonrpc.services.GenericEndpoint notify
INFO: Unsupported notification method: $/setTrace
2024.12.01 16:36:12 INFO  Shutting down server[0m
2024.12.01 16:36:12 INFO  shutting down Metals[0m
2024.12.01 16:36:12 INFO  Shut down connection with build server.[0m
2024.12.01 16:36:12 INFO  Exiting server[0m
